<?xml version="1.0" encoding="UTF-8" ?>
<testsuite tests="1" failures="0" name="wsdltest2.wsdltest2.TestClient" time="1.014" errors="1" skipped="0">
  <properties>
[...]
</properties>
  <testcase classname="wsdltest2.wsdltest2.TestClient" name="testClient" time="1.014">
    <error message="org.apache.cxf.service.factory.ServiceConstructionException: Failed to create service." type="javax.xml.ws.WebServiceException">javax.xml.ws.WebServiceException: org.apache.cxf.service.factory.ServiceConstructionException: Failed to create service.
	at org.apache.cxf.jaxws.ServiceImpl.initialize(ServiceImpl.java:163)
	at org.apache.cxf.jaxws.ServiceImpl.&lt;init&gt;(ServiceImpl.java:129)
	at org.apache.cxf.jaxws.spi.ProviderImpl.createServiceDelegate(ProviderImpl.java:82)
	at javax.xml.ws.Service.&lt;init&gt;(Service.java:77)
	at net.webservicex.GlobalWeather.&lt;init&gt;(GlobalWeather.java:50)
	at wsdltest2.wsdltest2.TestClient.testClient(TestClient.java:18)
Caused by: org.apache.cxf.service.factory.ServiceConstructionException: Failed to create service.
	at org.apache.cxf.wsdl11.WSDLServiceFactory.&lt;init&gt;(WSDLServiceFactory.java:87)
	at org.apache.cxf.jaxws.ServiceImpl.initializePorts(ServiceImpl.java:218)
	at org.apache.cxf.jaxws.ServiceImpl.initialize(ServiceImpl.java:161)
	... 33 more
Caused by: javax.wsdl.WSDLException: WSDLException: faultCode=PARSER_ERROR: Problem parsing &apos;http://www.webservicex.com/globalweather.asmx?wsdl&apos;.: java.net.UnknownHostException: www.webservicex.com
	at com.ibm.wsdl.xml.WSDLReaderImpl.getDocument(WSDLReaderImpl.java:2198)
	at com.ibm.wsdl.xml.WSDLReaderImpl.readWSDL(WSDLReaderImpl.java:2390)
	at com.ibm.wsdl.xml.WSDLReaderImpl.readWSDL(WSDLReaderImpl.java:2422)
	at org.apache.cxf.wsdl11.WSDLManagerImpl.loadDefinition(WSDLManagerImpl.java:238)
	at org.apache.cxf.wsdl11.WSDLManagerImpl.getDefinition(WSDLManagerImpl.java:163)
	at org.apache.cxf.wsdl11.WSDLServiceFactory.&lt;init&gt;(WSDLServiceFactory.java:85)
	... 35 more
Caused by: java.net.UnknownHostException: www.webservicex.com
	at java.net.AbstractPlainSocketImpl.connect(AbstractPlainSocketImpl.java:184)
	at java.net.PlainSocketImpl.connect(PlainSocketImpl.java:172)
	at java.net.SocksSocketImpl.connect(SocksSocketImpl.java:392)
	at java.net.Socket.connect(Socket.java:589)
	at java.net.Socket.connect(Socket.java:538)
	at sun.net.NetworkClient.doConnect(NetworkClient.java:180)
	at sun.net.www.http.HttpClient.openServer(HttpClient.java:432)
	at sun.net.www.http.HttpClient.openServer(HttpClient.java:527)
	at sun.net.www.http.HttpClient.&lt;init&gt;(HttpClient.java:211)
	at sun.net.www.http.HttpClient.New(HttpClient.java:308)
	at sun.net.www.http.HttpClient.New(HttpClient.java:326)
	at sun.net.www.protocol.http.HttpURLConnection.getNewHttpClient(HttpURLConnection.java:1169)
	at sun.net.www.protocol.http.HttpURLConnection.plainConnect0(HttpURLConnection.java:1105)
	at sun.net.www.protocol.http.HttpURLConnection.plainConnect(HttpURLConnection.java:999)
	at sun.net.www.protocol.http.HttpURLConnection.connect(HttpURLConnection.java:933)
	at sun.net.www.protocol.http.HttpURLConnection.getInputStream0(HttpURLConnection.java:1513)
	at sun.net.www.protocol.http.HttpURLConnection.getInputStream(HttpURLConnection.java:1441)
	at com.sun.org.apache.xerces.internal.impl.XMLEntityManager.setupCurrentEntity(XMLEntityManager.java:647)
	at com.sun.org.apache.xerces.internal.impl.XMLVersionDetector.determineDocVersion(XMLVersionDetector.java:189)
	at com.sun.org.apache.xerces.internal.parsers.XML11Configuration.parse(XML11Configuration.java:812)
	at com.sun.org.apache.xerces.internal.parsers.XML11Configuration.parse(XML11Configuration.java:777)
	at com.sun.org.apache.xerces.internal.parsers.XMLParser.parse(XMLParser.java:141)
	at com.sun.org.apache.xerces.internal.parsers.DOMParser.parse(DOMParser.java:243)
	at com.sun.org.apache.xerces.internal.jaxp.DocumentBuilderImpl.parse(DocumentBuilderImpl.java:339)
	at com.ibm.wsdl.xml.WSDLReaderImpl.getDocument(WSDLReaderImpl.java:2188)
	... 40 more
</error>
  </testcase>
</testsuite>